2018-10-07 16:50:23,822 - myLogging.py[line:30] - DEBUG: logging init over
2018-10-07 16:50:23,949 - deal_taizhang.py[line:94] - DEBUG: deal_taizhang init over
2018-10-07 16:50:24,102 - mainWin.py[line:33] - DEBUG: mainWin>init ok
2018-10-07 16:53:47,714 - myLogging.py[line:30] - DEBUG: logging init over
2018-10-07 16:53:47,724 - deal_taizhang.py[line:94] - DEBUG: deal_taizhang init over
2018-10-07 16:53:47,742 - mainWin.py[line:33] - DEBUG: mainWin>init ok
2018-10-07 16:54:00,869 - mainWin.py[line:73] - DEBUG: mainWin>function:openFile:
2018-10-07 16:54:00,871 - mainWin.py[line:103] - DEBUG: openTownList openFile
2018-10-07 16:54:00,871 - mainWin.py[line:105] - DEBUG: openTownList 未选中文件
2018-10-07 16:57:35,804 - myLogging.py[line:30] - DEBUG: logging init over
2018-10-07 16:57:35,814 - deal_taizhang.py[line:94] - DEBUG: deal_taizhang init over
2018-10-07 16:58:07,210 - myLogging.py[line:30] - DEBUG: logging init over
2018-10-07 16:58:07,221 - deal_taizhang.py[line:94] - DEBUG: deal_taizhang init over
2018-10-07 16:58:07,234 - mainWin.py[line:34] - DEBUG: mainWin>init ok
2018-10-07 17:26:35,039 - mainWin.py[line:75] - DEBUG: mainWin>function:openFile:D:/Document/Code/Python/AuditingApp/Auditing/小区名录310151.18.csv
2018-10-07 17:26:35,039 - mainWin.py[line:83] - DEBUG: mainWin>function:openFile:try
2018-10-07 17:26:35,040 - mainWin.py[line:62] - DEBUG: mainWin>openFile:D:/Document/Code/Python/AuditingApp/Auditing/小区名录310151.18.csv
2018-10-07 17:26:35,048 - mainWin.py[line:105] - DEBUG: openTownList openFile
2018-10-07 17:26:35,049 - mainWin.py[line:109] - DEBUG: in openTownList else
2018-10-07 17:26:35,051 - mainWin.py[line:118] - DEBUG: in townSelectChange
2018-10-07 17:26:35,053 - mainWin.py[line:118] - DEBUG: in townSelectChange
2018-10-07 17:26:35,054 - mainWin.py[line:115] - DEBUG: mainWin>function:openTownList
2018-10-07 17:26:36,861 - mainWin.py[line:134] - DEBUG: mainWin>function:setTableA
2018-10-07 17:26:39,109 - mainWin.py[line:75] - DEBUG: mainWin>function:openFile:D:/Document/Code/Python/AuditingApp/Auditing/A310151.18.csv
2018-10-07 17:26:39,109 - mainWin.py[line:83] - DEBUG: mainWin>function:openFile:try
2018-10-07 17:26:39,109 - mainWin.py[line:62] - DEBUG: mainWin>openFile:D:/Document/Code/Python/AuditingApp/Auditing/A310151.18.csv
2018-10-07 17:26:40,247 - mainWin.py[line:138] - DEBUG: mainWin>function:setTableZy
2018-10-07 17:26:42,378 - mainWin.py[line:75] - DEBUG: mainWin>function:openFile:D:/Document/Code/Python/AuditingApp/Auditing/D310151.1806.csv
2018-10-07 17:26:42,378 - mainWin.py[line:83] - DEBUG: mainWin>function:openFile:try
2018-10-07 17:26:42,379 - mainWin.py[line:62] - DEBUG: mainWin>openFile:D:/Document/Code/Python/AuditingApp/Auditing/D310151.1806.csv
2018-10-07 17:26:43,300 - mainWin.py[line:129] - DEBUG: mainWin>function:getCommunityCode
2018-10-07 17:26:43,300 - deal_taizhang.py[line:119] - DEBUG: deal_taizhang>function:getCommunity
2018-10-07 17:26:45,539 - mainWin.py[line:155] - DEBUG: 获取到生成台账结果
2018-10-07 17:26:45,555 - mainWin.py[line:189] - DEBUG: 将结果显示在表上
